üîç Agent 1 analyzing function...

Analysis Result:
 ```json

{

  "purpose": "The function `divide` calculates the division of two numbers, where it raises an exception if the divisor is zero.",

  "input_parameters": [

    {

      "name": "a",

      "type": "numerical"

    },

    {

      "name": "b",

      "type": "numerical",

      "constraints": ["Must not be zero"]

    }

  ],

  "possible_edge_cases": [

    "The input values could potentially lead to overflow or underflow errors if they are very large.",

    "Input parameters may not strictly adhere to numerical types, and unexpected behavior might occur with non-numeric inputs."

  ],

  "failure_conditions": {

    "ZeroDivisionError": "If the second input parameter `b` is zero, a ZeroDivisionError will be raised.",

    "Type Errors (unexpected)" : "Input parameters may not strictly adhere to numerical types."

  },

  "expected_output_behavior": {

    "division_result": "Return the division result of `a` by `b`, unless a ZeroDivisionError is raised.",

    "error_message": "In case b equals zero, raise an error with message 'Cannot divide by zero'."

  }

}

```

üß™ Agent 2 generating tests...

Generated Test Code:
 import unittest

from division import divide


class TestDivide(unittest.TestCase):


    def test_division_by_nonzero(self):

        self.assertEqual(divide(10, 2), 5)


    def test_division_with_negative_numbers(self):

        # Expected result is positive division of negative numbers.

        self.assertAlmostEqual(divide(-10, -2), 5)


    def test_overflow_large_values(self):

        large_number = 9**36

        with self.assertRaisesRegex(OverflowError, "integer overflow"):

            divide(large_number, 10)


    def test_underflow_small_values(self):

        small_number = -9**-4 # This should result in an underflow with the same outcome as division.

        self.assertEqual(divide(small_number, 2), -81)


    def test_zero_as_divisor(self):

        with self.assertRaisesRegex(ZeroDivisionError, "Cannot divide by zero"):

            divide(10, 0)


if __name__ == '__main__':

    unittest.main()

‚öôÔ∏è Agent 3 validating...

Validation Results:
 ..FF.
======================================================================
FAIL: test_overflow_large_values (test_generated.TestDivide.test_overflow_large_values)
----------------------------------------------------------------------
Traceback (most recent call last):
  File "C:\Users\uva\AppData\Local\Temp\tmpjykhyj9i\test_generated.py", line 25, in test_overflow_large_values
    with self.assertRaisesRegex(OverflowError, "integer overflow"):
AssertionError: OverflowError not raised

======================================================================
FAIL: test_underflow_small_values (test_generated.TestDivide.test_underflow_small_values)
----------------------------------------------------------------------
Traceback (most recent call last):
  File "C:\Users\uva\AppData\Local\Temp\tmpjykhyj9i\test_generated.py", line 34, in test_underflow_small_values
    self.assertEqual(divide(small_number, 2), -81)
AssertionError: -7.620789513793629e-05 != -81

----------------------------------------------------------------------
Ran 5 tests in 0.002s

FAILED (failures=2)
